  GDALDemo.cpp
GDALDemo.cpp(181): warning C4244: '=': conversion from 'double' to 'GByte', possible loss of data
GDALDemo.cpp(271): warning C4244: '=': conversion from 'double' to 'int', possible loss of data
GDALDemo.cpp(288): warning C4244: '=': conversion from 'double' to 'int', possible loss of data
GDALDemo.cpp(299): warning C4244: '=': conversion from 'double' to 'int', possible loss of data
GDALDemo.cpp(309): warning C4244: '=': conversion from 'double' to 'int', possible loss of data
GDALDemo.cpp(318): warning C4244: '=': conversion from 'double' to 'int', possible loss of data
GDALDemo.cpp(335): warning C4244: '=': conversion from 'double' to 'int', possible loss of data
GDALDemo.cpp(345): warning C4838: conversion from 'double' to 'float' requires a narrowing conversion
GDALDemo.cpp(345): warning C4305: 'initializing': truncation from 'double' to 'float'
GDALDemo.cpp(345): warning C4244: 'initializing': conversion from 'double' to 'float', possible loss of data
GDALDemo.cpp(346): warning C4838: conversion from 'double' to 'float' requires a narrowing conversion
GDALDemo.cpp(346): warning C4244: 'initializing': conversion from 'double' to 'float', possible loss of data
     Creating library C:\Users\donky16\Documents\Visual Studio 2017\Projects\Release\GDALDemo.lib and object C:\Users\donky16\Documents\Visual Studio 2017\Projects\Release\GDALDemo.exp
  Generating code
  2 of 441 functions ( 0.5%) were compiled, the rest were copied from previous compilation.
    0 functions were new in current compilation
    1 functions had inline decision re-evaluated but remain unchanged
  Finished generating code
  GDALDemo.vcxproj -> C:\Users\donky16\Documents\Visual Studio 2017\Projects\Release\GDALDemo.exe
